Flow report for FinalProject
Tue Dec 10 14:05:32 2019
Quartus Prime Version 18.0.0 Build 614 04/24/2018 SJ Lite Edition


---------------------
; Table of Contents ;
---------------------
  1. Legal Notice
  2. Flow Summary
  3. Flow Settings
  4. Flow Non-Default Global Settings
  5. Flow Elapsed Time
  6. Flow OS Summary
  7. Flow Log
  8. Flow Messages
  9. Flow Suppressed Messages



----------------
; Legal Notice ;
----------------
Copyright (C) 2018  Intel Corporation. All rights reserved.
Your use of Intel Corporation's design tools, logic functions 
and other software and tools, and its AMPP partner logic 
functions, and any output files from any of the foregoing 
(including device programming or simulation files), and any 
associated documentation or information are expressly subject 
to the terms and conditions of the Intel Program License 
Subscription Agreement, the Intel Quartus Prime License Agreement,
the Intel FPGA IP License Agreement, or other applicable license
agreement, including, without limitation, that your use is for
the sole purpose of programming logic devices manufactured by
Intel and sold by Intel or its authorized distributors.  Please
refer to the applicable agreement for further details.



+----------------------------------------------------------------------------------+
; Flow Summary                                                                     ;
+------------------------------------+---------------------------------------------+
; Flow Status                        ; Successful - Tue Dec 10 14:05:32 2019       ;
; Quartus Prime Version              ; 18.0.0 Build 614 04/24/2018 SJ Lite Edition ;
; Revision Name                      ; FinalProject                                ;
; Top-level Entity Name              ; Final_Project_top                           ;
; Family                             ; Cyclone IV E                                ;
; Device                             ; EP4CE115F29C7                               ;
; Timing Models                      ; Final                                       ;
; Total logic elements               ; 50,201 / 114,480 ( 44 % )                   ;
;     Total combinational functions  ; 49,533 / 114,480 ( 43 % )                   ;
;     Dedicated logic registers      ; 3,403 / 114,480 ( 3 % )                     ;
; Total registers                    ; 3585                                        ;
; Total pins                         ; 218 / 529 ( 41 % )                          ;
; Total virtual pins                 ; 0                                           ;
; Total memory bits                  ; 11,392 / 3,981,312 ( < 1 % )                ;
; Embedded Multiplier 9-bit elements ; 0 / 532 ( 0 % )                             ;
; Total PLLs                         ; 2 / 4 ( 50 % )                              ;
+------------------------------------+---------------------------------------------+


+-----------------------------------------+
; Flow Settings                           ;
+-------------------+---------------------+
; Option            ; Setting             ;
+-------------------+---------------------+
; Start date & time ; 12/10/2019 13:51:34 ;
; Main task         ; Compilation         ;
; Revision Name     ; FinalProject        ;
+-------------------+---------------------+


+-----------------------------------------------------------------------------------------------------------------------------------------------------------+
; Flow Non-Default Global Settings                                                                                                                          ;
+--------------------------------------+---------------------------------------------------------------+---------------+-------------------+----------------+
; Assignment Name                      ; Value                                                         ; Default Value ; Entity Name       ; Section Id     ;
+--------------------------------------+---------------------------------------------------------------+---------------+-------------------+----------------+
; COMPILER_SIGNATURE_ID                ; 71094329375047.157600749310768                                ; --            ; --                ; --             ;
; EDA_DESIGN_INSTANCE_NAME             ; NA                                                            ; --            ; --                ; testbench      ;
; EDA_NATIVELINK_SIMULATION_TEST_BENCH ; testbench                                                     ; --            ; --                ; eda_simulation ;
; EDA_OUTPUT_DATA_FORMAT               ; Verilog Hdl                                                   ; --            ; --                ; eda_simulation ;
; EDA_SIMULATION_TOOL                  ; ModelSim-Altera (Verilog)                                     ; <None>        ; --                ; --             ;
; EDA_TEST_BENCH_ENABLE_STATUS         ; TEST_BENCH_MODE                                               ; --            ; --                ; eda_simulation ;
; EDA_TEST_BENCH_FILE                  ; testbench.sv                                                  ; --            ; --                ; testbench      ;
; EDA_TEST_BENCH_MODULE_NAME           ; testbench                                                     ; --            ; --                ; testbench      ;
; EDA_TEST_BENCH_NAME                  ; testbench                                                     ; --            ; --                ; eda_simulation ;
; EDA_TIME_SCALE                       ; 1 ps                                                          ; --            ; --                ; eda_simulation ;
; MAX_CORE_JUNCTION_TEMP               ; 85                                                            ; --            ; --                ; --             ;
; MIN_CORE_JUNCTION_TEMP               ; 0                                                             ; --            ; --                ; --             ;
; MISC_FILE                            ; nios_system/synthesis/../nios_system.cmp                      ; --            ; --                ; --             ;
; MISC_FILE                            ; nios_system/synthesis/../../nios_system.qsys                  ; --            ; --                ; --             ;
; MISC_FILE                            ; vga_clk.ppf                                                   ; --            ; --                ; --             ;
; NOMINAL_CORE_SUPPLY_VOLTAGE          ; 1.2V                                                          ; --            ; --                ; --             ;
; PARTITION_COLOR                      ; -- (Not supported for targeted family)                        ; --            ; Final_Project_top ; Top            ;
; PARTITION_FITTER_PRESERVATION_LEVEL  ; -- (Not supported for targeted family)                        ; --            ; Final_Project_top ; Top            ;
; PARTITION_NETLIST_TYPE               ; -- (Not supported for targeted family)                        ; --            ; Final_Project_top ; Top            ;
; POWER_BOARD_THERMAL_MODEL            ; None (CONSERVATIVE)                                           ; --            ; --                ; --             ;
; POWER_PRESET_COOLING_SOLUTION        ; 23 MM HEAT SINK WITH 200 LFPM AIRFLOW                         ; --            ; --                ; --             ;
; PROJECT_OUTPUT_DIRECTORY             ; output_files                                                  ; --            ; --                ; --             ;
; SLD_FILE                             ; nios_system/synthesis/nios_system.regmap                      ; --            ; --                ; --             ;
; SLD_FILE                             ; nios_system/synthesis/nios_system.debuginfo                   ; --            ; --                ; --             ;
; SLD_INFO                             ; QSYS_NAME nios_system HAS_SOPCINFO 1 GENERATION_ID 1575856875 ; --            ; nios_system       ; --             ;
; SOPCINFO_FILE                        ; nios_system/synthesis/../../nios_system.sopcinfo              ; --            ; --                ; --             ;
; SYNTHESIS_ONLY_QIP                   ; On                                                            ; --            ; --                ; --             ;
; TOP_LEVEL_ENTITY                     ; Final_Project_top                                             ; FinalProject  ; --                ; --             ;
+--------------------------------------+---------------------------------------------------------------+---------------+-------------------+----------------+


+--------------------------------------------------------------------------------------------------------------------------+
; Flow Elapsed Time                                                                                                        ;
+----------------------+--------------+-------------------------+---------------------+------------------------------------+
; Module Name          ; Elapsed Time ; Average Processors Used ; Peak Virtual Memory ; Total CPU Time (on all processors) ;
+----------------------+--------------+-------------------------+---------------------+------------------------------------+
; Analysis & Synthesis ; 00:06:57     ; 1.0                     ; 5215 MB             ; 00:07:21                           ;
; Fitter               ; 00:05:29     ; 1.1                     ; 6394 MB             ; 00:11:49                           ;
; Assembler            ; 00:00:05     ; 1.0                     ; 4807 MB             ; 00:00:05                           ;
; Timing Analyzer      ; 00:00:17     ; 1.5                     ; 5353 MB             ; 00:00:23                           ;
; EDA Netlist Writer   ; 00:00:50     ; 1.0                     ; 5231 MB             ; 00:00:46                           ;
; Total                ; 00:13:38     ; --                      ; --                  ; 00:20:24                           ;
+----------------------+--------------+-------------------------+---------------------+------------------------------------+


+------------------------------------------------------------------------------------+
; Flow OS Summary                                                                    ;
+----------------------+------------------+------------+------------+----------------+
; Module Name          ; Machine Hostname ; OS Name    ; OS Version ; Processor type ;
+----------------------+------------------+------------+------------+----------------+
; Analysis & Synthesis ; ECEB-3022-15     ; Windows 10 ; 10.0       ; x86_64         ;
; Fitter               ; ECEB-3022-15     ; Windows 10 ; 10.0       ; x86_64         ;
; Assembler            ; ECEB-3022-15     ; Windows 10 ; 10.0       ; x86_64         ;
; Timing Analyzer      ; ECEB-3022-15     ; Windows 10 ; 10.0       ; x86_64         ;
; EDA Netlist Writer   ; ECEB-3022-15     ; Windows 10 ; 10.0       ; x86_64         ;
+----------------------+------------------+------------+------------+----------------+


------------
; Flow Log ;
------------
quartus_map --read_settings_files=on --write_settings_files=off FinalProject -c FinalProject
quartus_fit --read_settings_files=off --write_settings_files=off FinalProject -c FinalProject
quartus_asm --read_settings_files=off --write_settings_files=off FinalProject -c FinalProject
quartus_sta FinalProject -c FinalProject
quartus_eda --read_settings_files=off --write_settings_files=off FinalProject -c FinalProject



